<?xml version="1.0" encoding="UTF-8"?>
<!-- Generated by org.testng.reporters.JUnitReportReporter -->
<testsuite hostname="LTIN488249" failures="0" tests="3" name="Examples.FirstTestNG" time="0.009" errors="0" timestamp="2024-05-30T17:04:10 IST" skipped="0">
  <testcase classname="Examples.FirstTestNG" name="test1" time="0.008"/>
  <system-out/>
  <testcase classname="Examples.FirstTestNG" name="test2" time="0.001"/>
  <system-out/>
  <testcase classname="Examples.FirstTestNG" name="test3" time="0.000"/>
  <system-out/>
</testsuite> <!-- Examples.FirstTestNG -->
